TN:
SF:src\components\AdminPanel.jsx
FN:4,(anonymous_0)
FN:17,(anonymous_1)
FN:30,(anonymous_2)
FN:42,(anonymous_3)
FN:50,(anonymous_4)
FN:61,(anonymous_5)
FN:61,(anonymous_6)
FN:68,(anonymous_7)
FN:86,(anonymous_8)
FN:111,(anonymous_9)
FN:124,(anonymous_10)
FN:132,(anonymous_11)
FN:134,(anonymous_12)
FN:147,(anonymous_13)
FN:153,(anonymous_14)
FN:165,(anonymous_15)
FN:171,(anonymous_16)
FN:181,(anonymous_17)
FN:181,(anonymous_18)
FN:184,(anonymous_19)
FN:184,(anonymous_20)
FN:189,(anonymous_21)
FN:192,(anonymous_22)
FN:199,(anonymous_23)
FN:213,(anonymous_24)
FN:213,(anonymous_25)
FN:218,(anonymous_26)
FN:218,(anonymous_27)
FN:227,(anonymous_28)
FN:227,(anonymous_29)
FN:248,(anonymous_30)
FN:259,(anonymous_31)
FN:269,(anonymous_32)
FN:272,(anonymous_33)
FNF:34
FNH:15
FNDA:1,(anonymous_0)
FNDA:1,(anonymous_1)
FNDA:0,(anonymous_2)
FNDA:0,(anonymous_3)
FNDA:0,(anonymous_4)
FNDA:0,(anonymous_5)
FNDA:0,(anonymous_6)
FNDA:0,(anonymous_7)
FNDA:0,(anonymous_8)
FNDA:1,(anonymous_9)
FNDA:0,(anonymous_10)
FNDA:0,(anonymous_11)
FNDA:0,(anonymous_12)
FNDA:0,(anonymous_13)
FNDA:1,(anonymous_14)
FNDA:0,(anonymous_15)
FNDA:0,(anonymous_16)
FNDA:2,(anonymous_17)
FNDA:1,(anonymous_18)
FNDA:2,(anonymous_19)
FNDA:2,(anonymous_20)
FNDA:0,(anonymous_21)
FNDA:1,(anonymous_22)
FNDA:0,(anonymous_23)
FNDA:2,(anonymous_24)
FNDA:1,(anonymous_25)
FNDA:2,(anonymous_26)
FNDA:2,(anonymous_27)
FNDA:2,(anonymous_28)
FNDA:2,(anonymous_29)
FNDA:0,(anonymous_30)
FNDA:0,(anonymous_31)
FNDA:0,(anonymous_32)
FNDA:0,(anonymous_33)
DA:4,1
DA:5,1
DA:7,1
DA:9,1
DA:11,1
DA:13,1
DA:14,1
DA:15,1
DA:17,1
DA:18,1
DA:19,1
DA:22,0
DA:23,0
DA:24,0
DA:26,0
DA:30,1
DA:31,0
DA:32,0
DA:33,0
DA:41,0
DA:42,0
DA:43,0
DA:44,0
DA:46,0
DA:50,1
DA:51,0
DA:52,0
DA:60,0
DA:61,0
DA:62,0
DA:64,0
DA:68,1
DA:69,0
DA:70,0
DA:71,0
DA:79,0
DA:80,0
DA:82,0
DA:86,1
DA:87,0
DA:89,0
DA:90,0
DA:100,0
DA:102,0
DA:103,0
DA:104,0
DA:105,0
DA:107,0
DA:111,1
DA:112,1
DA:113,1
DA:122,0
DA:124,0
DA:125,0
DA:127,0
DA:132,1
DA:133,0
DA:134,0
DA:135,0
DA:137,0
DA:138,0
DA:146,0
DA:147,0
DA:149,0
DA:153,1
DA:154,1
DA:158,1
DA:165,0
DA:171,0
DA:181,2
DA:182,1
DA:184,2
DA:185,2
DA:189,0
DA:192,1
DA:200,0
DA:213,2
DA:214,1
DA:218,2
DA:227,2
DA:228,2
DA:248,0
DA:259,0
DA:270,0
DA:272,0
LF:85
LH:32
BRDA:4,0,0,0
BRDA:23,1,0,0
BRDA:23,1,1,0
BRDA:24,2,0,0
BRDA:24,2,1,0
BRDA:31,3,0,0
BRDA:31,3,1,0
BRDA:41,4,0,0
BRDA:41,4,1,0
BRDA:60,5,0,0
BRDA:60,5,1,0
BRDA:69,6,0,0
BRDA:69,6,1,0
BRDA:79,7,0,0
BRDA:79,7,1,0
BRDA:87,8,0,0
BRDA:87,8,1,0
BRDA:100,9,0,0
BRDA:100,9,1,0
BRDA:122,10,0,0
BRDA:122,10,1,0
BRDA:133,11,0,0
BRDA:133,11,1,0
BRDA:190,12,0,0
BRDA:190,12,1,2
BRDA:194,13,0,2
BRDA:194,13,1,0
BRDA:196,14,0,0
BRDA:196,14,1,0
BRDA:200,15,0,0
BRDA:200,15,1,0
BRDA:220,16,0,2
BRDA:220,16,1,1
BRDA:266,17,0,1
BRDA:266,17,1,0
BRF:35
BRH:5
end_of_record
